{"C:\\DEV\\searchCep\\src\\app.js": {"path":"C:\\DEV\\searchCep\\src\\app.js","statementMap":{"0":{"start":{"line":1,"column":12},"end":{"line":1,"column":32}},"1":{"start":{"line":2,"column":16},"end":{"line":2,"column":34}},"2":{"start":{"line":3,"column":19},"end":{"line":3,"column":41}},"3":{"start":{"line":4,"column":18},"end":{"line":4,"column":47}},"4":{"start":{"line":5,"column":24},"end":{"line":5,"column":55}},"5":{"start":{"line":7,"column":0},"end":{"line":7,"column":72}},"6":{"start":{"line":9,"column":0},"end":{"line":9,"column":27}},"7":{"start":{"line":11,"column":0},"end":{"line":14,"column":15}},"8":{"start":{"line":16,"column":0},"end":{"line":16,"column":21}}},"fnMap":{},"branchMap":{},"s":{"0":2,"1":2,"2":2,"3":2,"4":2,"5":2,"6":2,"7":2,"8":2},"f":{},"b":{},"_coverageSchema":"332fd63041d2c1bcb487cc26dd0d5f7d97098a6c","hash":"5aef254913f423a5649d91b20faf4174ae2edf1d"}
,"C:\\DEV\\searchCep\\src\\routes\\cep.js": {"path":"C:\\DEV\\searchCep\\src\\routes\\cep.js","statementMap":{"0":{"start":{"line":1,"column":19},"end":{"line":1,"column":45}},"1":{"start":{"line":2,"column":0},"end":{"line":22,"column":1}},"2":{"start":{"line":3,"column":4},"end":{"line":21,"column":7}},"3":{"start":{"line":4,"column":18},"end":{"line":4,"column":52}},"4":{"start":{"line":6,"column":8},"end":{"line":20,"column":59}},"5":{"start":{"line":9,"column":12},"end":{"line":16,"column":28}},"6":{"start":{"line":10,"column":16},"end":{"line":10,"column":56}},"7":{"start":{"line":12,"column":16},"end":{"line":14,"column":17}},"8":{"start":{"line":13,"column":20},"end":{"line":13,"column":53}},"9":{"start":{"line":18,"column":12},"end":{"line":18,"column":39}},"10":{"start":{"line":20,"column":13},"end":{"line":20,"column":59}}},"fnMap":{"0":{"name":"(anonymous_0)","decl":{"start":{"line":2,"column":17},"end":{"line":2,"column":18}},"loc":{"start":{"line":2,"column":26},"end":{"line":22,"column":1}},"line":2},"1":{"name":"(anonymous_1)","decl":{"start":{"line":3,"column":21},"end":{"line":3,"column":22}},"loc":{"start":{"line":3,"column":41},"end":{"line":21,"column":5}},"line":3}},"branchMap":{"0":{"loc":{"start":{"line":6,"column":8},"end":{"line":20,"column":59}},"type":"if","locations":[{"start":{"line":6,"column":8},"end":{"line":20,"column":59}},{"start":{"line":6,"column":8},"end":{"line":20,"column":59}}],"line":6},"1":{"loc":{"start":{"line":12,"column":16},"end":{"line":14,"column":17}},"type":"if","locations":[{"start":{"line":12,"column":16},"end":{"line":14,"column":17}},{"start":{"line":12,"column":16},"end":{"line":14,"column":17}}],"line":12}},"s":{"0":2,"1":2,"2":2,"3":1,"4":1,"5":1,"6":1,"7":1,"8":0,"9":1,"10":0},"f":{"0":2,"1":1},"b":{"0":[1,0],"1":[0,1]},"_coverageSchema":"332fd63041d2c1bcb487cc26dd0d5f7d97098a6c","hash":"d84a6132171aab103f03cc19807d9a88b1caa3b0"}
,"C:\\DEV\\searchCep\\src\\routes\\ping.js": {"path":"C:\\DEV\\searchCep\\src\\routes\\ping.js","statementMap":{"0":{"start":{"line":1,"column":0},"end":{"line":5,"column":1}},"1":{"start":{"line":2,"column":4},"end":{"line":4,"column":7}},"2":{"start":{"line":3,"column":8},"end":{"line":3,"column":40}}},"fnMap":{"0":{"name":"(anonymous_0)","decl":{"start":{"line":1,"column":17},"end":{"line":1,"column":18}},"loc":{"start":{"line":1,"column":26},"end":{"line":5,"column":1}},"line":1},"1":{"name":"(anonymous_1)","decl":{"start":{"line":2,"column":17},"end":{"line":2,"column":18}},"loc":{"start":{"line":2,"column":37},"end":{"line":4,"column":5}},"line":2}},"branchMap":{},"s":{"0":2,"1":2,"2":1},"f":{"0":2,"1":1},"b":{},"_coverageSchema":"332fd63041d2c1bcb487cc26dd0d5f7d97098a6c","hash":"eb1388714f6e9a95bcff259dc60e68a41aaa4de0"}
,"C:\\DEV\\searchCep\\src\\services\\cep.js": {"path":"C:\\DEV\\searchCep\\src\\services\\cep.js","statementMap":{"0":{"start":{"line":1,"column":14},"end":{"line":1,"column":30}},"1":{"start":{"line":3,"column":0},"end":{"line":9,"column":1}},"2":{"start":{"line":12,"column":4},"end":{"line":12,"column":28}},"3":{"start":{"line":16,"column":4},"end":{"line":18,"column":5}},"4":{"start":{"line":17,"column":8},"end":{"line":17,"column":19}},"5":{"start":{"line":20,"column":4},"end":{"line":20,"column":16}},"6":{"start":{"line":24,"column":14},"end":{"line":24,"column":43}},"7":{"start":{"line":26,"column":4},"end":{"line":28,"column":5}},"8":{"start":{"line":27,"column":8},"end":{"line":27,"column":19}},"9":{"start":{"line":32,"column":49},"end":{"line":32,"column":53}},"10":{"start":{"line":34,"column":4},"end":{"line":39,"column":5}},"11":{"start":{"line":43,"column":4},"end":{"line":43,"column":28}},"12":{"start":{"line":45,"column":4},"end":{"line":59,"column":7}},"13":{"start":{"line":46,"column":8},"end":{"line":58,"column":9}},"14":{"start":{"line":47,"column":12},"end":{"line":55,"column":14}},"15":{"start":{"line":49,"column":16},"end":{"line":54,"column":17}},"16":{"start":{"line":50,"column":20},"end":{"line":50,"column":31}},"17":{"start":{"line":52,"column":31},"end":{"line":52,"column":53}},"18":{"start":{"line":53,"column":20},"end":{"line":53,"column":37}},"19":{"start":{"line":57,"column":12},"end":{"line":57,"column":27}}},"fnMap":{"0":{"name":"removeLast","decl":{"start":{"line":11,"column":9},"end":{"line":11,"column":19}},"loc":{"start":{"line":11,"column":26},"end":{"line":13,"column":1}},"line":11},"1":{"name":"prepCep","decl":{"start":{"line":15,"column":9},"end":{"line":15,"column":16}},"loc":{"start":{"line":15,"column":23},"end":{"line":21,"column":1}},"line":15},"2":{"name":"validaCep","decl":{"start":{"line":23,"column":9},"end":{"line":23,"column":18}},"loc":{"start":{"line":23,"column":25},"end":{"line":29,"column":1}},"line":23},"3":{"name":"prepRet","decl":{"start":{"line":31,"column":9},"end":{"line":31,"column":16}},"loc":{"start":{"line":31,"column":23},"end":{"line":40,"column":1}},"line":31},"4":{"name":"getAddress","decl":{"start":{"line":42,"column":9},"end":{"line":42,"column":19}},"loc":{"start":{"line":42,"column":25},"end":{"line":60,"column":1}},"line":42},"5":{"name":"(anonymous_5)","decl":{"start":{"line":45,"column":24},"end":{"line":45,"column":25}},"loc":{"start":{"line":45,"column":38},"end":{"line":59,"column":6}},"line":45},"6":{"name":"(anonymous_6)","decl":{"start":{"line":48,"column":18},"end":{"line":48,"column":19}},"loc":{"start":{"line":48,"column":32},"end":{"line":55,"column":13}},"line":48}},"branchMap":{"0":{"loc":{"start":{"line":26,"column":4},"end":{"line":28,"column":5}},"type":"if","locations":[{"start":{"line":26,"column":4},"end":{"line":28,"column":5}},{"start":{"line":26,"column":4},"end":{"line":28,"column":5}}],"line":26},"1":{"loc":{"start":{"line":26,"column":8},"end":{"line":26,"column":41}},"type":"binary-expr","locations":[{"start":{"line":26,"column":8},"end":{"line":26,"column":21}},{"start":{"line":26,"column":25},"end":{"line":26,"column":41}}],"line":26},"2":{"loc":{"start":{"line":49,"column":16},"end":{"line":54,"column":17}},"type":"if","locations":[{"start":{"line":49,"column":16},"end":{"line":54,"column":17}},{"start":{"line":49,"column":16},"end":{"line":54,"column":17}}],"line":49}},"s":{"0":2,"1":2,"2":1,"3":2,"4":0,"5":2,"6":2,"7":2,"8":2,"9":2,"10":2,"11":1,"12":1,"13":1,"14":1,"15":1,"16":0,"17":1,"18":1,"19":0},"f":{"0":1,"1":2,"2":2,"3":2,"4":1,"5":1,"6":1},"b":{"0":[2,0],"1":[2,2],"2":[0,1]},"_coverageSchema":"332fd63041d2c1bcb487cc26dd0d5f7d97098a6c","hash":"593583f7b503ffba5a7de33580ef2c7e11ca4f20"}
}
