TN:
SF:C:\DEV\searchCep\src\app.js
FNF:0
FNH:0
DA:1,2
DA:2,2
DA:3,2
DA:4,2
DA:5,2
DA:7,2
DA:9,2
DA:11,2
DA:16,2
LF:9
LH:9
BRF:0
BRH:0
end_of_record
TN:
SF:C:\DEV\searchCep\src\routes\cep.js
FN:2,(anonymous_0)
FN:3,(anonymous_1)
FNF:2
FNH:2
FNDA:2,(anonymous_0)
FNDA:1,(anonymous_1)
DA:1,2
DA:2,2
DA:3,2
DA:4,1
DA:6,1
DA:9,1
DA:10,1
DA:12,1
DA:13,0
DA:18,1
DA:20,0
LF:11
LH:9
BRDA:6,0,0,1
BRDA:6,0,1,0
BRDA:12,1,0,0
BRDA:12,1,1,1
BRF:4
BRH:2
end_of_record
TN:
SF:C:\DEV\searchCep\src\routes\ping.js
FN:1,(anonymous_0)
FN:2,(anonymous_1)
FNF:2
FNH:2
FNDA:2,(anonymous_0)
FNDA:1,(anonymous_1)
DA:1,2
DA:2,2
DA:3,1
LF:3
LH:3
BRF:0
BRH:0
end_of_record
TN:
SF:C:\DEV\searchCep\src\services\cep.js
FN:11,removeLast
FN:15,prepCep
FN:23,validaCep
FN:31,prepRet
FN:42,getAddress
FN:45,(anonymous_5)
FN:48,(anonymous_6)
FNF:7
FNH:7
FNDA:1,removeLast
FNDA:2,prepCep
FNDA:2,validaCep
FNDA:2,prepRet
FNDA:1,getAddress
FNDA:1,(anonymous_5)
FNDA:1,(anonymous_6)
DA:1,2
DA:3,2
DA:12,1
DA:16,2
DA:17,0
DA:20,2
DA:24,2
DA:26,2
DA:27,2
DA:32,2
DA:34,2
DA:43,1
DA:45,1
DA:46,1
DA:47,1
DA:49,1
DA:50,0
DA:52,1
DA:53,1
DA:57,0
LF:20
LH:17
BRDA:26,0,0,2
BRDA:26,0,1,0
BRDA:26,1,0,2
BRDA:26,1,1,2
BRDA:49,2,0,0
BRDA:49,2,1,1
BRF:6
BRH:4
end_of_record
